2019-03-09 11:45:41.048  INFO 12964 --- [main] com.njupt.passbook.MerchantsApplication  : Starting MerchantsApplication on LAPTOP-685UA9U3 with PID 12964 (D:\merchants\target\classes started by lenovo in D:\merchants)
2019-03-09 11:45:41.053  INFO 12964 --- [main] com.njupt.passbook.MerchantsApplication  : No active profile set, falling back to default profiles: default
2019-03-09 11:45:41.120  INFO 12964 --- [main] ationConfigEmbeddedWebApplicationContext : Refreshing org.springframework.boot.context.embedded.AnnotationConfigEmbeddedWebApplicationContext@3f197a46: startup date [Sat Mar 09 11:45:41 CST 2019]; root of context hierarchy
2019-03-09 11:45:43.747  INFO 12964 --- [main] trationDelegate$BeanPostProcessorChecker : Bean 'org.springframework.kafka.annotation.KafkaBootstrapConfiguration' of type [org.springframework.kafka.annotation.KafkaBootstrapConfiguration$$EnhancerBySpringCGLIB$$26d2371d] is not eligible for getting processed by all BeanPostProcessors (for example: not eligible for auto-proxying)
2019-03-09 11:45:44.148  INFO 12964 --- [main] s.b.c.e.t.TomcatEmbeddedServletContainer : Tomcat initialized with port(s): 9527 (http)
2019-03-09 11:45:44.159  INFO 12964 --- [main] o.apache.catalina.core.StandardService   : Starting service Tomcat
2019-03-09 11:45:44.160  INFO 12964 --- [main] org.apache.catalina.core.StandardEngine  : Starting Servlet Engine: Apache Tomcat/8.5.14
2019-03-09 11:45:44.343  INFO 12964 --- [localhost-startStop-1] o.a.c.c.C.[Tomcat].[localhost].[/]       : Initializing Spring embedded WebApplicationContext
2019-03-09 11:45:44.344  INFO 12964 --- [localhost-startStop-1] o.s.web.context.ContextLoader            : Root WebApplicationContext: initialization completed in 3224 ms
2019-03-09 11:45:44.553  INFO 12964 --- [localhost-startStop-1] o.s.b.w.servlet.ServletRegistrationBean  : Mapping servlet: 'dispatcherServlet' to [/]
2019-03-09 11:45:44.557  INFO 12964 --- [localhost-startStop-1] o.s.b.w.servlet.FilterRegistrationBean   : Mapping filter: 'characterEncodingFilter' to: [/*]
2019-03-09 11:45:44.558  INFO 12964 --- [localhost-startStop-1] o.s.b.w.servlet.FilterRegistrationBean   : Mapping filter: 'hiddenHttpMethodFilter' to: [/*]
2019-03-09 11:45:44.558  INFO 12964 --- [localhost-startStop-1] o.s.b.w.servlet.FilterRegistrationBean   : Mapping filter: 'httpPutFormContentFilter' to: [/*]
2019-03-09 11:45:44.559  INFO 12964 --- [localhost-startStop-1] o.s.b.w.servlet.FilterRegistrationBean   : Mapping filter: 'requestContextFilter' to: [/*]
2019-03-09 11:45:45.191  INFO 12964 --- [main] j.LocalContainerEntityManagerFactoryBean : Building JPA container EntityManagerFactory for persistence unit 'default'
2019-03-09 11:45:45.211  INFO 12964 --- [main] o.hibernate.jpa.internal.util.LogHelper  : HHH000204: Processing PersistenceUnitInfo [
	name: default
	...]
2019-03-09 11:45:45.281  INFO 12964 --- [main] org.hibernate.Version                    : HHH000412: Hibernate Core {5.0.12.Final}
2019-03-09 11:45:45.282  INFO 12964 --- [main] org.hibernate.cfg.Environment            : HHH000206: hibernate.properties not found
2019-03-09 11:45:45.284  INFO 12964 --- [main] org.hibernate.cfg.Environment            : HHH000021: Bytecode provider name : javassist
2019-03-09 11:45:45.329  INFO 12964 --- [main] o.hibernate.annotations.common.Version   : HCANN000001: Hibernate Commons Annotations {5.0.1.Final}
2019-03-09 11:45:45.462  INFO 12964 --- [main] org.hibernate.dialect.Dialect            : HHH000400: Using dialect: org.hibernate.dialect.MySQL5Dialect
2019-03-09 11:45:46.063  INFO 12964 --- [main] j.LocalContainerEntityManagerFactoryBean : Initialized JPA EntityManagerFactory for persistence unit 'default'
2019-03-09 11:45:46.759  INFO 12964 --- [main] s.w.s.m.m.a.RequestMappingHandlerAdapter : Looking for @ControllerAdvice: org.springframework.boot.context.embedded.AnnotationConfigEmbeddedWebApplicationContext@3f197a46: startup date [Sat Mar 09 11:45:41 CST 2019]; root of context hierarchy
2019-03-09 11:45:46.831  INFO 12964 --- [main] s.w.s.m.m.a.RequestMappingHandlerMapping : Mapped "{[/merchants/create],methods=[POST]}" onto public com.njupt.passbook.vo.Response com.njupt.passbook.controller.MerchantsCtl.createMerchants(com.njupt.passbook.vo.CreatMerchantsRequest)
2019-03-09 11:45:46.833  INFO 12964 --- [main] s.w.s.m.m.a.RequestMappingHandlerMapping : Mapped "{[/merchants/drop],methods=[POST]}" onto public com.njupt.passbook.vo.Response com.njupt.passbook.controller.MerchantsCtl.dropPassTemplate(com.njupt.passbook.vo.PassTemplate)
2019-03-09 11:45:46.833  INFO 12964 --- [main] s.w.s.m.m.a.RequestMappingHandlerMapping : Mapped "{[/merchants/{id}],methods=[GET]}" onto public com.njupt.passbook.vo.Response com.njupt.passbook.controller.MerchantsCtl.buildMerchantsInfo(java.lang.Integer)
2019-03-09 11:45:46.836  INFO 12964 --- [main] s.w.s.m.m.a.RequestMappingHandlerMapping : Mapped "{[/error]}" onto public org.springframework.http.ResponseEntity<java.util.Map<java.lang.String, java.lang.Object>> org.springframework.boot.autoconfigure.web.BasicErrorController.error(javax.servlet.http.HttpServletRequest)
2019-03-09 11:45:46.836  INFO 12964 --- [main] s.w.s.m.m.a.RequestMappingHandlerMapping : Mapped "{[/error],produces=[text/html]}" onto public org.springframework.web.servlet.ModelAndView org.springframework.boot.autoconfigure.web.BasicErrorController.errorHtml(javax.servlet.http.HttpServletRequest,javax.servlet.http.HttpServletResponse)
2019-03-09 11:45:46.886  INFO 12964 --- [main] o.s.w.s.handler.SimpleUrlHandlerMapping  : Mapped URL path [/webjars/**] onto handler of type [class org.springframework.web.servlet.resource.ResourceHttpRequestHandler]
2019-03-09 11:45:46.886  INFO 12964 --- [main] o.s.w.s.handler.SimpleUrlHandlerMapping  : Mapped URL path [/**] onto handler of type [class org.springframework.web.servlet.resource.ResourceHttpRequestHandler]
2019-03-09 11:45:46.948  INFO 12964 --- [main] o.s.w.s.handler.SimpleUrlHandlerMapping  : Mapped URL path [/**/favicon.ico] onto handler of type [class org.springframework.web.servlet.resource.ResourceHttpRequestHandler]
2019-03-09 11:45:47.428  INFO 12964 --- [main] o.s.j.e.a.AnnotationMBeanExporter        : Registering beans for JMX exposure on startup
2019-03-09 11:45:47.436  INFO 12964 --- [main] o.s.c.support.DefaultLifecycleProcessor  : Starting beans in phase 2147483647
2019-03-09 11:45:47.495  INFO 12964 --- [main] s.b.c.e.t.TomcatEmbeddedServletContainer : Tomcat started on port(s): 9527 (http)
2019-03-09 11:45:47.499  INFO 12964 --- [main] com.njupt.passbook.MerchantsApplication  : Started MerchantsApplication in 7.169 seconds (JVM running for 8.95)
2019-03-09 11:50:24.864  INFO 12964 --- [http-nio-9527-exec-1] o.a.c.c.C.[Tomcat].[localhost].[/]       : Initializing Spring FrameworkServlet 'dispatcherServlet'
2019-03-09 11:50:24.865  INFO 12964 --- [http-nio-9527-exec-1] o.s.web.servlet.DispatcherServlet        : FrameworkServlet 'dispatcherServlet': initialization started
2019-03-09 11:50:24.899  INFO 12964 --- [http-nio-9527-exec-1] o.s.web.servlet.DispatcherServlet        : FrameworkServlet 'dispatcherServlet': initialization completed in 34 ms
2019-03-09 11:50:24.959  INFO 12964 --- [http-nio-9527-exec-1] c.n.passbook.controller.MerchantsCtl     : BuildMerchantsInfo:3
2019-03-09 11:50:24.986  INFO 12964 --- [http-nio-9527-exec-1] o.h.h.i.QueryTranslatorFactoryInitiator  : HHH000397: Using ASTQueryTranslatorFactory
2019-03-09 12:53:06.700  INFO 11840 --- [main] com.njupt.passbook.MerchantsApplication  : Starting MerchantsApplication on LAPTOP-685UA9U3 with PID 11840 (D:\merchants\target\classes started by lenovo in D:\merchants)
2019-03-09 12:53:06.706  INFO 11840 --- [main] com.njupt.passbook.MerchantsApplication  : No active profile set, falling back to default profiles: default
2019-03-09 12:53:06.810  INFO 11840 --- [main] ationConfigEmbeddedWebApplicationContext : Refreshing org.springframework.boot.context.embedded.AnnotationConfigEmbeddedWebApplicationContext@3f197a46: startup date [Sat Mar 09 12:53:06 CST 2019]; root of context hierarchy
2019-03-09 12:53:09.115  INFO 11840 --- [main] trationDelegate$BeanPostProcessorChecker : Bean 'org.springframework.kafka.annotation.KafkaBootstrapConfiguration' of type [org.springframework.kafka.annotation.KafkaBootstrapConfiguration$$EnhancerBySpringCGLIB$$26d2371d] is not eligible for getting processed by all BeanPostProcessors (for example: not eligible for auto-proxying)
2019-03-09 12:53:09.591  INFO 11840 --- [main] s.b.c.e.t.TomcatEmbeddedServletContainer : Tomcat initialized with port(s): 9527 (http)
2019-03-09 12:53:09.603  INFO 11840 --- [main] o.apache.catalina.core.StandardService   : Starting service Tomcat
2019-03-09 12:53:09.604  INFO 11840 --- [main] org.apache.catalina.core.StandardEngine  : Starting Servlet Engine: Apache Tomcat/8.5.14
2019-03-09 12:53:09.834  INFO 11840 --- [localhost-startStop-1] o.a.c.c.C.[Tomcat].[localhost].[/]       : Initializing Spring embedded WebApplicationContext
2019-03-09 12:53:09.834  INFO 11840 --- [localhost-startStop-1] o.s.web.context.ContextLoader            : Root WebApplicationContext: initialization completed in 3024 ms
2019-03-09 12:53:10.097  INFO 11840 --- [localhost-startStop-1] o.s.b.w.servlet.ServletRegistrationBean  : Mapping servlet: 'dispatcherServlet' to [/]
2019-03-09 12:53:10.102  INFO 11840 --- [localhost-startStop-1] o.s.b.w.servlet.FilterRegistrationBean   : Mapping filter: 'characterEncodingFilter' to: [/*]
2019-03-09 12:53:10.102  INFO 11840 --- [localhost-startStop-1] o.s.b.w.servlet.FilterRegistrationBean   : Mapping filter: 'hiddenHttpMethodFilter' to: [/*]
2019-03-09 12:53:10.103  INFO 11840 --- [localhost-startStop-1] o.s.b.w.servlet.FilterRegistrationBean   : Mapping filter: 'httpPutFormContentFilter' to: [/*]
2019-03-09 12:53:10.103  INFO 11840 --- [localhost-startStop-1] o.s.b.w.servlet.FilterRegistrationBean   : Mapping filter: 'requestContextFilter' to: [/*]
2019-03-09 12:53:11.010  INFO 11840 --- [main] j.LocalContainerEntityManagerFactoryBean : Building JPA container EntityManagerFactory for persistence unit 'default'
2019-03-09 12:53:11.026  INFO 11840 --- [main] o.hibernate.jpa.internal.util.LogHelper  : HHH000204: Processing PersistenceUnitInfo [
	name: default
	...]
2019-03-09 12:53:11.166  INFO 11840 --- [main] org.hibernate.Version                    : HHH000412: Hibernate Core {5.0.12.Final}
2019-03-09 12:53:11.177  INFO 11840 --- [main] org.hibernate.cfg.Environment            : HHH000206: hibernate.properties not found
2019-03-09 12:53:11.179  INFO 11840 --- [main] org.hibernate.cfg.Environment            : HHH000021: Bytecode provider name : javassist
2019-03-09 12:53:11.259  INFO 11840 --- [main] o.hibernate.annotations.common.Version   : HCANN000001: Hibernate Commons Annotations {5.0.1.Final}
2019-03-09 12:53:11.454  INFO 11840 --- [main] org.hibernate.dialect.Dialect            : HHH000400: Using dialect: org.hibernate.dialect.MySQL5Dialect
2019-03-09 12:53:12.483  INFO 11840 --- [main] j.LocalContainerEntityManagerFactoryBean : Initialized JPA EntityManagerFactory for persistence unit 'default'
2019-03-09 12:53:13.247  INFO 11840 --- [main] s.w.s.m.m.a.RequestMappingHandlerAdapter : Looking for @ControllerAdvice: org.springframework.boot.context.embedded.AnnotationConfigEmbeddedWebApplicationContext@3f197a46: startup date [Sat Mar 09 12:53:06 CST 2019]; root of context hierarchy
2019-03-09 12:53:13.337  INFO 11840 --- [main] s.w.s.m.m.a.RequestMappingHandlerMapping : Mapped "{[/merchants/{id}],methods=[GET]}" onto public com.njupt.passbook.vo.Response com.njupt.passbook.controller.MerchantsCtl.buildMerchantsInfo(java.lang.Integer)
2019-03-09 12:53:13.338  INFO 11840 --- [main] s.w.s.m.m.a.RequestMappingHandlerMapping : Mapped "{[/merchants/create],methods=[POST]}" onto public com.njupt.passbook.vo.Response com.njupt.passbook.controller.MerchantsCtl.createMerchants(com.njupt.passbook.vo.CreatMerchantsRequest)
2019-03-09 12:53:13.339  INFO 11840 --- [main] s.w.s.m.m.a.RequestMappingHandlerMapping : Mapped "{[/merchants/drop],methods=[POST]}" onto public com.njupt.passbook.vo.Response com.njupt.passbook.controller.MerchantsCtl.dropPassTemplate(com.njupt.passbook.vo.PassTemplate)
2019-03-09 12:53:13.341  INFO 11840 --- [main] s.w.s.m.m.a.RequestMappingHandlerMapping : Mapped "{[/error]}" onto public org.springframework.http.ResponseEntity<java.util.Map<java.lang.String, java.lang.Object>> org.springframework.boot.autoconfigure.web.BasicErrorController.error(javax.servlet.http.HttpServletRequest)
2019-03-09 12:53:13.341  INFO 11840 --- [main] s.w.s.m.m.a.RequestMappingHandlerMapping : Mapped "{[/error],produces=[text/html]}" onto public org.springframework.web.servlet.ModelAndView org.springframework.boot.autoconfigure.web.BasicErrorController.errorHtml(javax.servlet.http.HttpServletRequest,javax.servlet.http.HttpServletResponse)
2019-03-09 12:53:13.390  INFO 11840 --- [main] o.s.w.s.handler.SimpleUrlHandlerMapping  : Mapped URL path [/webjars/**] onto handler of type [class org.springframework.web.servlet.resource.ResourceHttpRequestHandler]
2019-03-09 12:53:13.390  INFO 11840 --- [main] o.s.w.s.handler.SimpleUrlHandlerMapping  : Mapped URL path [/**] onto handler of type [class org.springframework.web.servlet.resource.ResourceHttpRequestHandler]
2019-03-09 12:53:13.451  INFO 11840 --- [main] o.s.w.s.handler.SimpleUrlHandlerMapping  : Mapped URL path [/**/favicon.ico] onto handler of type [class org.springframework.web.servlet.resource.ResourceHttpRequestHandler]
2019-03-09 12:53:13.901  INFO 11840 --- [main] o.s.j.e.a.AnnotationMBeanExporter        : Registering beans for JMX exposure on startup
2019-03-09 12:53:13.915  INFO 11840 --- [main] o.s.c.support.DefaultLifecycleProcessor  : Starting beans in phase 2147483647
2019-03-09 12:53:13.991  INFO 11840 --- [main] s.b.c.e.t.TomcatEmbeddedServletContainer : Tomcat started on port(s): 9527 (http)
2019-03-09 12:53:13.996  INFO 11840 --- [main] com.njupt.passbook.MerchantsApplication  : Started MerchantsApplication in 8.455 seconds (JVM running for 10.372)
2019-03-09 12:53:21.556  INFO 11840 --- [http-nio-9527-exec-1] o.a.c.c.C.[Tomcat].[localhost].[/]       : Initializing Spring FrameworkServlet 'dispatcherServlet'
2019-03-09 12:53:21.557  INFO 11840 --- [http-nio-9527-exec-1] o.s.web.servlet.DispatcherServlet        : FrameworkServlet 'dispatcherServlet': initialization started
2019-03-09 12:53:21.585  INFO 11840 --- [http-nio-9527-exec-1] o.s.web.servlet.DispatcherServlet        : FrameworkServlet 'dispatcherServlet': initialization completed in 28 ms
2019-03-09 12:53:21.641  INFO 11840 --- [http-nio-9527-exec-1] c.n.passbook.controller.MerchantsCtl     : BuildMerchantsInfo:3
2019-03-09 12:53:21.675  INFO 11840 --- [http-nio-9527-exec-1] o.h.h.i.QueryTranslatorFactoryInitiator  : HHH000397: Using ASTQueryTranslatorFactory
2019-03-09 12:53:25.419  INFO 11840 --- [http-nio-9527-exec-2] c.n.passbook.controller.MerchantsCtl     : BuildMerchantsInfo:3
2019-03-09 13:13:49.841  INFO 8608 --- [main] com.njupt.passbook.MerchantsApplication  : Starting MerchantsApplication on LAPTOP-685UA9U3 with PID 8608 (D:\merchants\target\classes started by lenovo in D:\merchants)
2019-03-09 13:13:49.847  INFO 8608 --- [main] com.njupt.passbook.MerchantsApplication  : No active profile set, falling back to default profiles: default
2019-03-09 13:13:49.974  INFO 8608 --- [main] ationConfigEmbeddedWebApplicationContext : Refreshing org.springframework.boot.context.embedded.AnnotationConfigEmbeddedWebApplicationContext@3f197a46: startup date [Sat Mar 09 13:13:49 CST 2019]; root of context hierarchy
2019-03-09 13:13:53.169  INFO 8608 --- [main] trationDelegate$BeanPostProcessorChecker : Bean 'org.springframework.kafka.annotation.KafkaBootstrapConfiguration' of type [org.springframework.kafka.annotation.KafkaBootstrapConfiguration$$EnhancerBySpringCGLIB$$26d2371d] is not eligible for getting processed by all BeanPostProcessors (for example: not eligible for auto-proxying)
2019-03-09 13:13:53.796  INFO 8608 --- [main] s.b.c.e.t.TomcatEmbeddedServletContainer : Tomcat initialized with port(s): 9527 (http)
2019-03-09 13:13:53.813  INFO 8608 --- [main] o.apache.catalina.core.StandardService   : Starting service Tomcat
2019-03-09 13:13:53.815  INFO 8608 --- [main] org.apache.catalina.core.StandardEngine  : Starting Servlet Engine: Apache Tomcat/8.5.14
2019-03-09 13:13:54.073  INFO 8608 --- [localhost-startStop-1] o.a.c.c.C.[Tomcat].[localhost].[/]       : Initializing Spring embedded WebApplicationContext
2019-03-09 13:13:54.074  INFO 8608 --- [localhost-startStop-1] o.s.web.context.ContextLoader            : Root WebApplicationContext: initialization completed in 4100 ms
2019-03-09 13:13:54.401  INFO 8608 --- [localhost-startStop-1] o.s.b.w.servlet.ServletRegistrationBean  : Mapping servlet: 'dispatcherServlet' to [/]
2019-03-09 13:13:54.420  INFO 8608 --- [localhost-startStop-1] o.s.b.w.servlet.FilterRegistrationBean   : Mapping filter: 'characterEncodingFilter' to: [/*]
2019-03-09 13:13:54.421  INFO 8608 --- [localhost-startStop-1] o.s.b.w.servlet.FilterRegistrationBean   : Mapping filter: 'hiddenHttpMethodFilter' to: [/*]
2019-03-09 13:13:54.422  INFO 8608 --- [localhost-startStop-1] o.s.b.w.servlet.FilterRegistrationBean   : Mapping filter: 'httpPutFormContentFilter' to: [/*]
2019-03-09 13:13:54.423  INFO 8608 --- [localhost-startStop-1] o.s.b.w.servlet.FilterRegistrationBean   : Mapping filter: 'requestContextFilter' to: [/*]
2019-03-09 13:13:55.200  INFO 8608 --- [main] j.LocalContainerEntityManagerFactoryBean : Building JPA container EntityManagerFactory for persistence unit 'default'
2019-03-09 13:13:55.222  INFO 8608 --- [main] o.hibernate.jpa.internal.util.LogHelper  : HHH000204: Processing PersistenceUnitInfo [
	name: default
	...]
2019-03-09 13:13:55.379  INFO 8608 --- [main] org.hibernate.Version                    : HHH000412: Hibernate Core {5.0.12.Final}
2019-03-09 13:13:55.382  INFO 8608 --- [main] org.hibernate.cfg.Environment            : HHH000206: hibernate.properties not found
2019-03-09 13:13:55.384  INFO 8608 --- [main] org.hibernate.cfg.Environment            : HHH000021: Bytecode provider name : javassist
2019-03-09 13:13:55.463  INFO 8608 --- [main] o.hibernate.annotations.common.Version   : HCANN000001: Hibernate Commons Annotations {5.0.1.Final}
2019-03-09 13:13:55.646  INFO 8608 --- [main] org.hibernate.dialect.Dialect            : HHH000400: Using dialect: org.hibernate.dialect.MySQL5Dialect
2019-03-09 13:13:56.517  INFO 8608 --- [main] j.LocalContainerEntityManagerFactoryBean : Initialized JPA EntityManagerFactory for persistence unit 'default'
2019-03-09 13:13:57.417  INFO 8608 --- [main] s.w.s.m.m.a.RequestMappingHandlerAdapter : Looking for @ControllerAdvice: org.springframework.boot.context.embedded.AnnotationConfigEmbeddedWebApplicationContext@3f197a46: startup date [Sat Mar 09 13:13:49 CST 2019]; root of context hierarchy
2019-03-09 13:13:57.519  INFO 8608 --- [main] s.w.s.m.m.a.RequestMappingHandlerMapping : Mapped "{[/merchants/create],methods=[POST]}" onto public com.njupt.passbook.vo.Response com.njupt.passbook.controller.MerchantsCtl.createMerchants(com.njupt.passbook.vo.CreatMerchantsRequest)
2019-03-09 13:13:57.521  INFO 8608 --- [main] s.w.s.m.m.a.RequestMappingHandlerMapping : Mapped "{[/merchants/drop],methods=[POST]}" onto public com.njupt.passbook.vo.Response com.njupt.passbook.controller.MerchantsCtl.dropPassTemplate(com.njupt.passbook.vo.PassTemplate)
2019-03-09 13:13:57.521  INFO 8608 --- [main] s.w.s.m.m.a.RequestMappingHandlerMapping : Mapped "{[/merchants/{id}],methods=[GET]}" onto public com.njupt.passbook.vo.Response com.njupt.passbook.controller.MerchantsCtl.buildMerchantsInfo(java.lang.Integer)
2019-03-09 13:13:57.524  INFO 8608 --- [main] s.w.s.m.m.a.RequestMappingHandlerMapping : Mapped "{[/error]}" onto public org.springframework.http.ResponseEntity<java.util.Map<java.lang.String, java.lang.Object>> org.springframework.boot.autoconfigure.web.BasicErrorController.error(javax.servlet.http.HttpServletRequest)
2019-03-09 13:13:57.525  INFO 8608 --- [main] s.w.s.m.m.a.RequestMappingHandlerMapping : Mapped "{[/error],produces=[text/html]}" onto public org.springframework.web.servlet.ModelAndView org.springframework.boot.autoconfigure.web.BasicErrorController.errorHtml(javax.servlet.http.HttpServletRequest,javax.servlet.http.HttpServletResponse)
2019-03-09 13:13:57.560  INFO 8608 --- [main] o.s.w.s.handler.SimpleUrlHandlerMapping  : Mapped URL path [/webjars/**] onto handler of type [class org.springframework.web.servlet.resource.ResourceHttpRequestHandler]
2019-03-09 13:13:57.560  INFO 8608 --- [main] o.s.w.s.handler.SimpleUrlHandlerMapping  : Mapped URL path [/**] onto handler of type [class org.springframework.web.servlet.resource.ResourceHttpRequestHandler]
2019-03-09 13:13:57.634  INFO 8608 --- [main] o.s.w.s.handler.SimpleUrlHandlerMapping  : Mapped URL path [/**/favicon.ico] onto handler of type [class org.springframework.web.servlet.resource.ResourceHttpRequestHandler]
2019-03-09 13:13:58.081  INFO 8608 --- [main] o.s.j.e.a.AnnotationMBeanExporter        : Registering beans for JMX exposure on startup
2019-03-09 13:13:58.090  INFO 8608 --- [main] o.s.c.support.DefaultLifecycleProcessor  : Starting beans in phase 2147483647
2019-03-09 13:13:58.150  INFO 8608 --- [main] s.b.c.e.t.TomcatEmbeddedServletContainer : Tomcat started on port(s): 9527 (http)
2019-03-09 13:13:58.157  INFO 8608 --- [main] com.njupt.passbook.MerchantsApplication  : Started MerchantsApplication in 9.459 seconds (JVM running for 11.853)
2019-03-09 13:14:05.255  INFO 8608 --- [http-nio-9527-exec-1] o.a.c.c.C.[Tomcat].[localhost].[/]       : Initializing Spring FrameworkServlet 'dispatcherServlet'
2019-03-09 13:14:05.255  INFO 8608 --- [http-nio-9527-exec-1] o.s.web.servlet.DispatcherServlet        : FrameworkServlet 'dispatcherServlet': initialization started
2019-03-09 13:14:05.281  INFO 8608 --- [http-nio-9527-exec-1] o.s.web.servlet.DispatcherServlet        : FrameworkServlet 'dispatcherServlet': initialization completed in 25 ms
2019-03-09 13:14:05.318 ERROR 8608 --- [http-nio-9527-exec-1] o.a.c.c.C.[.[.[/].[dispatcherServlet]    : Servlet.service() for servlet [dispatcherServlet] in context with path [] threw exception [Request processing failed; nested exception is java.lang.Exception: Header ä¸­ç¼ºå°‘ token!] with root cause

java.lang.Exception: Header ä¸­ç¼ºå°‘ token!
	at com.njupt.passbook.security.AuthCheckInterceptor.preHandle(AuthCheckInterceptor.java:24) ~[classes/:na]
	at org.springframework.web.servlet.HandlerExecutionChain.applyPreHandle(HandlerExecutionChain.java:134) ~[spring-webmvc-4.3.8.RELEASE.jar:4.3.8.RELEASE]
	at org.springframework.web.servlet.DispatcherServlet.doDispatch(DispatcherServlet.java:958) ~[spring-webmvc-4.3.8.RELEASE.jar:4.3.8.RELEASE]
	at org.springframework.web.servlet.DispatcherServlet.doService(DispatcherServlet.java:897) ~[spring-webmvc-4.3.8.RELEASE.jar:4.3.8.RELEASE]
	at org.springframework.web.servlet.FrameworkServlet.processRequest(FrameworkServlet.java:970) ~[spring-webmvc-4.3.8.RELEASE.jar:4.3.8.RELEASE]
	at org.springframework.web.servlet.FrameworkServlet.doGet(FrameworkServlet.java:861) ~[spring-webmvc-4.3.8.RELEASE.jar:4.3.8.RELEASE]
	at javax.servlet.http.HttpServlet.service(HttpServlet.java:635) ~[tomcat-embed-core-8.5.14.jar:8.5.14]
	at org.springframework.web.servlet.FrameworkServlet.service(FrameworkServlet.java:846) ~[spring-webmvc-4.3.8.RELEASE.jar:4.3.8.RELEASE]
	at javax.servlet.http.HttpServlet.service(HttpServlet.java:742) ~[tomcat-embed-core-8.5.14.jar:8.5.14]
	at org.apache.catalina.core.ApplicationFilterChain.internalDoFilter(ApplicationFilterChain.java:231) ~[tomcat-embed-core-8.5.14.jar:8.5.14]
	at org.apache.catalina.core.ApplicationFilterChain.doFilter(ApplicationFilterChain.java:166) ~[tomcat-embed-core-8.5.14.jar:8.5.14]
	at org.apache.tomcat.websocket.server.WsFilter.doFilter(WsFilter.java:52) ~[tomcat-embed-websocket-8.5.14.jar:8.5.14]
	at org.apache.catalina.core.ApplicationFilterChain.internalDoFilter(ApplicationFilterChain.java:193) ~[tomcat-embed-core-8.5.14.jar:8.5.14]
	at org.apache.catalina.core.ApplicationFilterChain.doFilter(ApplicationFilterChain.java:166) ~[tomcat-embed-core-8.5.14.jar:8.5.14]
	at org.springframework.web.filter.RequestContextFilter.doFilterInternal(RequestContextFilter.java:99) ~[spring-web-4.3.8.RELEASE.jar:4.3.8.RELEASE]
	at org.springframework.web.filter.OncePerRequestFilter.doFilter(OncePerRequestFilter.java:107) ~[spring-web-4.3.8.RELEASE.jar:4.3.8.RELEASE]
	at org.apache.catalina.core.ApplicationFilterChain.internalDoFilter(ApplicationFilterChain.java:193) ~[tomcat-embed-core-8.5.14.jar:8.5.14]
	at org.apache.catalina.core.ApplicationFilterChain.doFilter(ApplicationFilterChain.java:166) ~[tomcat-embed-core-8.5.14.jar:8.5.14]
	at org.springframework.web.filter.HttpPutFormContentFilter.doFilterInternal(HttpPutFormContentFilter.java:105) ~[spring-web-4.3.8.RELEASE.jar:4.3.8.RELEASE]
	at org.springframework.web.filter.OncePerRequestFilter.doFilter(OncePerRequestFilter.java:107) ~[spring-web-4.3.8.RELEASE.jar:4.3.8.RELEASE]
	at org.apache.catalina.core.ApplicationFilterChain.internalDoFilter(ApplicationFilterChain.java:193) ~[tomcat-embed-core-8.5.14.jar:8.5.14]
	at org.apache.catalina.core.ApplicationFilterChain.doFilter(ApplicationFilterChain.java:166) ~[tomcat-embed-core-8.5.14.jar:8.5.14]
	at org.springframework.web.filter.HiddenHttpMethodFilter.doFilterInternal(HiddenHttpMethodFilter.java:81) ~[spring-web-4.3.8.RELEASE.jar:4.3.8.RELEASE]
	at org.springframework.web.filter.OncePerRequestFilter.doFilter(OncePerRequestFilter.java:107) ~[spring-web-4.3.8.RELEASE.jar:4.3.8.RELEASE]
	at org.apache.catalina.core.ApplicationFilterChain.internalDoFilter(ApplicationFilterChain.java:193) ~[tomcat-embed-core-8.5.14.jar:8.5.14]
	at org.apache.catalina.core.ApplicationFilterChain.doFilter(ApplicationFilterChain.java:166) ~[tomcat-embed-core-8.5.14.jar:8.5.14]
	at org.springframework.web.filter.CharacterEncodingFilter.doFilterInternal(CharacterEncodingFilter.java:197) ~[spring-web-4.3.8.RELEASE.jar:4.3.8.RELEASE]
	at org.springframework.web.filter.OncePerRequestFilter.doFilter(OncePerRequestFilter.java:107) ~[spring-web-4.3.8.RELEASE.jar:4.3.8.RELEASE]
	at org.apache.catalina.core.ApplicationFilterChain.internalDoFilter(ApplicationFilterChain.java:193) ~[tomcat-embed-core-8.5.14.jar:8.5.14]
	at org.apache.catalina.core.ApplicationFilterChain.doFilter(ApplicationFilterChain.java:166) ~[tomcat-embed-core-8.5.14.jar:8.5.14]
	at org.apache.catalina.core.StandardWrapperValve.invoke(StandardWrapperValve.java:198) ~[tomcat-embed-core-8.5.14.jar:8.5.14]
	at org.apache.catalina.core.StandardContextValve.invoke(StandardContextValve.java:96) [tomcat-embed-core-8.5.14.jar:8.5.14]
	at org.apache.catalina.authenticator.AuthenticatorBase.invoke(AuthenticatorBase.java:478) [tomcat-embed-core-8.5.14.jar:8.5.14]
	at org.apache.catalina.core.StandardHostValve.invoke(StandardHostValve.java:140) [tomcat-embed-core-8.5.14.jar:8.5.14]
	at org.apache.catalina.valves.ErrorReportValve.invoke(ErrorReportValve.java:80) [tomcat-embed-core-8.5.14.jar:8.5.14]
	at org.apache.catalina.core.StandardEngineValve.invoke(StandardEngineValve.java:87) [tomcat-embed-core-8.5.14.jar:8.5.14]
	at org.apache.catalina.connector.CoyoteAdapter.service(CoyoteAdapter.java:342) [tomcat-embed-core-8.5.14.jar:8.5.14]
	at org.apache.coyote.http11.Http11Processor.service(Http11Processor.java:799) [tomcat-embed-core-8.5.14.jar:8.5.14]
	at org.apache.coyote.AbstractProcessorLight.process(AbstractProcessorLight.java:66) [tomcat-embed-core-8.5.14.jar:8.5.14]
	at org.apache.coyote.AbstractProtocol$ConnectionHandler.process(AbstractProtocol.java:861) [tomcat-embed-core-8.5.14.jar:8.5.14]
	at org.apache.tomcat.util.net.NioEndpoint$SocketProcessor.doRun(NioEndpoint.java:1455) [tomcat-embed-core-8.5.14.jar:8.5.14]
	at org.apache.tomcat.util.net.SocketProcessorBase.run(SocketProcessorBase.java:49) [tomcat-embed-core-8.5.14.jar:8.5.14]
	at java.util.concurrent.ThreadPoolExecutor.runWorker(ThreadPoolExecutor.java:1149) [na:1.8.0_201]
	at java.util.concurrent.ThreadPoolExecutor$Worker.run(ThreadPoolExecutor.java:624) [na:1.8.0_201]
	at org.apache.tomcat.util.threads.TaskThread$WrappingRunnable.run(TaskThread.java:61) [tomcat-embed-core-8.5.14.jar:8.5.14]
	at java.lang.Thread.run(Thread.java:748) [na:1.8.0_201]

2019-03-09 14:31:32.799  INFO 11796 --- [main] com.njupt.passbook.MerchantsApplication  : Starting MerchantsApplication on LAPTOP-685UA9U3 with PID 11796 (D:\merchants\target\classes started by lenovo in D:\merchants)
2019-03-09 14:31:32.815  INFO 11796 --- [main] com.njupt.passbook.MerchantsApplication  : No active profile set, falling back to default profiles: default
2019-03-09 14:31:33.002  INFO 11796 --- [main] ationConfigEmbeddedWebApplicationContext : Refreshing org.springframework.boot.context.embedded.AnnotationConfigEmbeddedWebApplicationContext@3f197a46: startup date [Sat Mar 09 14:31:33 CST 2019]; root of context hierarchy
2019-03-09 14:31:34.936  INFO 11796 --- [main] trationDelegate$BeanPostProcessorChecker : Bean 'org.springframework.kafka.annotation.KafkaBootstrapConfiguration' of type [org.springframework.kafka.annotation.KafkaBootstrapConfiguration$$EnhancerBySpringCGLIB$$26d2371d] is not eligible for getting processed by all BeanPostProcessors (for example: not eligible for auto-proxying)
2019-03-09 14:31:35.385  INFO 11796 --- [main] s.b.c.e.t.TomcatEmbeddedServletContainer : Tomcat initialized with port(s): 9527 (http)
2019-03-09 14:31:35.401  INFO 11796 --- [main] o.apache.catalina.core.StandardService   : Starting service Tomcat
2019-03-09 14:31:35.403  INFO 11796 --- [main] org.apache.catalina.core.StandardEngine  : Starting Servlet Engine: Apache Tomcat/8.5.14
2019-03-09 14:31:35.608  INFO 11796 --- [localhost-startStop-1] o.a.c.c.C.[Tomcat].[localhost].[/]       : Initializing Spring embedded WebApplicationContext
2019-03-09 14:31:35.609  INFO 11796 --- [localhost-startStop-1] o.s.web.context.ContextLoader            : Root WebApplicationContext: initialization completed in 2607 ms
2019-03-09 14:31:35.885  INFO 11796 --- [localhost-startStop-1] o.s.b.w.servlet.ServletRegistrationBean  : Mapping servlet: 'dispatcherServlet' to [/]
2019-03-09 14:31:35.890  INFO 11796 --- [localhost-startStop-1] o.s.b.w.servlet.FilterRegistrationBean   : Mapping filter: 'characterEncodingFilter' to: [/*]
2019-03-09 14:31:35.891  INFO 11796 --- [localhost-startStop-1] o.s.b.w.servlet.FilterRegistrationBean   : Mapping filter: 'hiddenHttpMethodFilter' to: [/*]
2019-03-09 14:31:35.891  INFO 11796 --- [localhost-startStop-1] o.s.b.w.servlet.FilterRegistrationBean   : Mapping filter: 'httpPutFormContentFilter' to: [/*]
2019-03-09 14:31:35.892  INFO 11796 --- [localhost-startStop-1] o.s.b.w.servlet.FilterRegistrationBean   : Mapping filter: 'requestContextFilter' to: [/*]
2019-03-09 14:31:36.844  INFO 11796 --- [main] j.LocalContainerEntityManagerFactoryBean : Building JPA container EntityManagerFactory for persistence unit 'default'
2019-03-09 14:31:36.861  INFO 11796 --- [main] o.hibernate.jpa.internal.util.LogHelper  : HHH000204: Processing PersistenceUnitInfo [
	name: default
	...]
2019-03-09 14:31:36.965  INFO 11796 --- [main] org.hibernate.Version                    : HHH000412: Hibernate Core {5.0.12.Final}
2019-03-09 14:31:36.967  INFO 11796 --- [main] org.hibernate.cfg.Environment            : HHH000206: hibernate.properties not found
2019-03-09 14:31:36.970  INFO 11796 --- [main] org.hibernate.cfg.Environment            : HHH000021: Bytecode provider name : javassist
2019-03-09 14:31:37.020  INFO 11796 --- [main] o.hibernate.annotations.common.Version   : HCANN000001: Hibernate Commons Annotations {5.0.1.Final}
2019-03-09 14:31:37.229  INFO 11796 --- [main] org.hibernate.dialect.Dialect            : HHH000400: Using dialect: org.hibernate.dialect.MySQL5Dialect
2019-03-09 14:31:37.877  INFO 11796 --- [main] j.LocalContainerEntityManagerFactoryBean : Initialized JPA EntityManagerFactory for persistence unit 'default'
2019-03-09 14:31:38.669  INFO 11796 --- [main] s.w.s.m.m.a.RequestMappingHandlerAdapter : Looking for @ControllerAdvice: org.springframework.boot.context.embedded.AnnotationConfigEmbeddedWebApplicationContext@3f197a46: startup date [Sat Mar 09 14:31:33 CST 2019]; root of context hierarchy
2019-03-09 14:31:38.755  INFO 11796 --- [main] s.w.s.m.m.a.RequestMappingHandlerMapping : Mapped "{[/merchants/create],methods=[POST]}" onto public com.njupt.passbook.vo.Response com.njupt.passbook.controller.MerchantsCtl.createMerchants(com.njupt.passbook.vo.CreatMerchantsRequest)
2019-03-09 14:31:38.758  INFO 11796 --- [main] s.w.s.m.m.a.RequestMappingHandlerMapping : Mapped "{[/merchants/drop],methods=[POST]}" onto public com.njupt.passbook.vo.Response com.njupt.passbook.controller.MerchantsCtl.dropPassTemplate(com.njupt.passbook.vo.PassTemplate)
2019-03-09 14:31:38.759  INFO 11796 --- [main] s.w.s.m.m.a.RequestMappingHandlerMapping : Mapped "{[/merchants/{id}],methods=[GET]}" onto public com.njupt.passbook.vo.Response com.njupt.passbook.controller.MerchantsCtl.buildMerchantsInfo(java.lang.Integer)
2019-03-09 14:31:38.763  INFO 11796 --- [main] s.w.s.m.m.a.RequestMappingHandlerMapping : Mapped "{[/error]}" onto public org.springframework.http.ResponseEntity<java.util.Map<java.lang.String, java.lang.Object>> org.springframework.boot.autoconfigure.web.BasicErrorController.error(javax.servlet.http.HttpServletRequest)
2019-03-09 14:31:38.767  INFO 11796 --- [main] s.w.s.m.m.a.RequestMappingHandlerMapping : Mapped "{[/error],produces=[text/html]}" onto public org.springframework.web.servlet.ModelAndView org.springframework.boot.autoconfigure.web.BasicErrorController.errorHtml(javax.servlet.http.HttpServletRequest,javax.servlet.http.HttpServletResponse)
2019-03-09 14:31:38.822  INFO 11796 --- [main] o.s.w.s.handler.SimpleUrlHandlerMapping  : Mapped URL path [/webjars/**] onto handler of type [class org.springframework.web.servlet.resource.ResourceHttpRequestHandler]
2019-03-09 14:31:38.822  INFO 11796 --- [main] o.s.w.s.handler.SimpleUrlHandlerMapping  : Mapped URL path [/**] onto handler of type [class org.springframework.web.servlet.resource.ResourceHttpRequestHandler]
2019-03-09 14:31:38.898  INFO 11796 --- [main] o.s.w.s.handler.SimpleUrlHandlerMapping  : Mapped URL path [/**/favicon.ico] onto handler of type [class org.springframework.web.servlet.resource.ResourceHttpRequestHandler]
2019-03-09 14:31:39.376  INFO 11796 --- [main] o.s.j.e.a.AnnotationMBeanExporter        : Registering beans for JMX exposure on startup
2019-03-09 14:31:39.396  INFO 11796 --- [main] o.s.c.support.DefaultLifecycleProcessor  : Starting beans in phase 2147483647
2019-03-09 14:31:39.487  INFO 11796 --- [main] s.b.c.e.t.TomcatEmbeddedServletContainer : Tomcat started on port(s): 9527 (http)
2019-03-09 14:31:39.494  INFO 11796 --- [main] com.njupt.passbook.MerchantsApplication  : Started MerchantsApplication in 7.41 seconds (JVM running for 10.03)
2019-03-09 14:31:51.503  INFO 11796 --- [http-nio-9527-exec-1] o.a.c.c.C.[Tomcat].[localhost].[/]       : Initializing Spring FrameworkServlet 'dispatcherServlet'
2019-03-09 14:31:51.504  INFO 11796 --- [http-nio-9527-exec-1] o.s.web.servlet.DispatcherServlet        : FrameworkServlet 'dispatcherServlet': initialization started
2019-03-09 14:31:51.540  INFO 11796 --- [http-nio-9527-exec-1] o.s.web.servlet.DispatcherServlet        : FrameworkServlet 'dispatcherServlet': initialization completed in 36 ms
2019-03-09 14:31:51.581  INFO 11796 --- [http-nio-9527-exec-1] c.n.passbook.controller.MerchantsCtl     : BuildMerchantsInfo:3
2019-03-09 14:31:51.603  INFO 11796 --- [http-nio-9527-exec-1] o.h.h.i.QueryTranslatorFactoryInitiator  : HHH000397: Using ASTQueryTranslatorFactory
2019-03-09 14:37:18.765  INFO 11796 --- [http-nio-9527-exec-3] c.n.passbook.controller.MerchantsCtl     : CreateMerchants: {"address":"åŒ—äº¬å¸‚","businessLicenseUrl":"www.imooc.com","logoUrl":"www.imooc.com","name":"æ…•è¯¾ second","phone":"987654321032"}
2019-03-09 14:49:20.933  INFO 11796 --- [http-nio-9527-exec-5] c.n.passbook.controller.MerchantsCtl     : DropPassTemplate:PassTemplate(id=3, title=title:æ…•è¯¾, summary=ç®€ä»‹ï¼š æ…•è¯¾, desc=è¯¦æƒ…ï¼šæ…•è¯¾ second, limit=1000, hasToken=false, background=1, start=Thu Mar 07 09:27:28 CST 2019, end=Sun Mar 17 09:27:28 CST 2019)
2019-03-09 14:49:20.974  INFO 11796 --- [http-nio-9527-exec-5] o.a.k.clients.producer.ProducerConfig    : ProducerConfig values: 
	metric.reporters = []
	metadata.max.age.ms = 300000
	reconnect.backoff.ms = 50
	sasl.kerberos.ticket.renew.window.factor = 0.8
	bootstrap.servers = [127.0.0.1:9092]
	ssl.keystore.type = JKS
	sasl.mechanism = GSSAPI
	max.block.ms = 60000
	interceptor.classes = null
	ssl.truststore.password = null
	client.id = 
	ssl.endpoint.identification.algorithm = null
	request.timeout.ms = 30000
	acks = 1
	receive.buffer.bytes = 32768
	ssl.truststore.type = JKS
	retries = 0
	ssl.truststore.location = null
	ssl.keystore.password = null
	send.buffer.bytes = 131072
	compression.type = none
	metadata.fetch.timeout.ms = 60000
	retry.backoff.ms = 100
	sasl.kerberos.kinit.cmd = /usr/bin/kinit
	buffer.memory = 33554432
	timeout.ms = 30000
	key.serializer = class org.apache.kafka.common.serialization.StringSerializer
	sasl.kerberos.service.name = null
	sasl.kerberos.ticket.renew.jitter = 0.05
	ssl.trustmanager.algorithm = PKIX
	block.on.buffer.full = false
	ssl.key.password = null
	sasl.kerberos.min.time.before.relogin = 60000
	connections.max.idle.ms = 540000
	max.in.flight.requests.per.connection = 5
	metrics.num.samples = 2
	ssl.protocol = TLS
	ssl.provider = null
	ssl.enabled.protocols = [TLSv1.2, TLSv1.1, TLSv1]
	batch.size = 16384
	ssl.keystore.location = null
	ssl.cipher.suites = null
	security.protocol = PLAINTEXT
	max.request.size = 1048576
	value.serializer = class org.apache.kafka.common.serialization.StringSerializer
	ssl.keymanager.algorithm = SunX509
	metrics.sample.window.ms = 30000
	partitioner.class = class org.apache.kafka.clients.producer.internals.DefaultPartitioner
	linger.ms = 0

2019-03-09 14:49:21.030  INFO 11796 --- [http-nio-9527-exec-5] o.a.k.clients.producer.ProducerConfig    : ProducerConfig values: 
	metric.reporters = []
	metadata.max.age.ms = 300000
	reconnect.backoff.ms = 50
	sasl.kerberos.ticket.renew.window.factor = 0.8
	bootstrap.servers = [127.0.0.1:9092]
	ssl.keystore.type = JKS
	sasl.mechanism = GSSAPI
	max.block.ms = 60000
	interceptor.classes = null
	ssl.truststore.password = null
	client.id = producer-1
	ssl.endpoint.identification.algorithm = null
	request.timeout.ms = 30000
	acks = 1
	receive.buffer.bytes = 32768
	ssl.truststore.type = JKS
	retries = 0
	ssl.truststore.location = null
	ssl.keystore.password = null
	send.buffer.bytes = 131072
	compression.type = none
	metadata.fetch.timeout.ms = 60000
	retry.backoff.ms = 100
	sasl.kerberos.kinit.cmd = /usr/bin/kinit
	buffer.memory = 33554432
	timeout.ms = 30000
	key.serializer = class org.apache.kafka.common.serialization.StringSerializer
	sasl.kerberos.service.name = null
	sasl.kerberos.ticket.renew.jitter = 0.05
	ssl.trustmanager.algorithm = PKIX
	block.on.buffer.full = false
	ssl.key.password = null
	sasl.kerberos.min.time.before.relogin = 60000
	connections.max.idle.ms = 540000
	max.in.flight.requests.per.connection = 5
	metrics.num.samples = 2
	ssl.protocol = TLS
	ssl.provider = null
	ssl.enabled.protocols = [TLSv1.2, TLSv1.1, TLSv1]
	batch.size = 16384
	ssl.keystore.location = null
	ssl.cipher.suites = null
	security.protocol = PLAINTEXT
	max.request.size = 1048576
	value.serializer = class org.apache.kafka.common.serialization.StringSerializer
	ssl.keymanager.algorithm = SunX509
	metrics.sample.window.ms = 30000
	partitioner.class = class org.apache.kafka.clients.producer.internals.DefaultPartitioner
	linger.ms = 0

2019-03-09 14:49:21.034  INFO 11796 --- [http-nio-9527-exec-5] o.a.kafka.common.utils.AppInfoParser     : Kafka version : 0.10.0.1
2019-03-09 14:49:21.034  INFO 11796 --- [http-nio-9527-exec-5] o.a.kafka.common.utils.AppInfoParser     : Kafka commitId : a7a17cdec9eaa6c5
2019-03-09 14:49:21.185  INFO 11796 --- [http-nio-9527-exec-5] c.n.p.service.impl.MerchantsServImpl     : DropPassTemplates:{"background":1,"desc":"è¯¦æƒ…ï¼šæ…•è¯¾ second","end":1552786048014,"hasToken":false,"id":3,"limit":1000,"start":1551922048014,"summary":"ç®€ä»‹ï¼š æ…•è¯¾","title":"title:æ…•è¯¾"}
2019-06-06 20:14:57.390  INFO 23852 --- [main] c.n.passbook.service.MerchantsServTest   : Starting MerchantsServTest on Andy with PID 23852 (started by lenovo in D:\merchants)
2019-06-06 20:14:57.400  INFO 23852 --- [main] c.n.passbook.service.MerchantsServTest   : No active profile set, falling back to default profiles: default
2019-06-06 20:14:57.486  INFO 23852 --- [main] s.c.a.AnnotationConfigApplicationContext : Refreshing org.springframework.context.annotation.AnnotationConfigApplicationContext@795509d9: startup date [Thu Jun 06 20:14:57 CST 2019]; root of context hierarchy
2019-06-06 20:15:00.248  INFO 23852 --- [main] trationDelegate$BeanPostProcessorChecker : Bean 'org.springframework.kafka.annotation.KafkaBootstrapConfiguration' of type [org.springframework.kafka.annotation.KafkaBootstrapConfiguration$$EnhancerBySpringCGLIB$$e6705935] is not eligible for getting processed by all BeanPostProcessors (for example: not eligible for auto-proxying)
2019-06-06 20:15:01.866  INFO 23852 --- [main] j.LocalContainerEntityManagerFactoryBean : Building JPA container EntityManagerFactory for persistence unit 'default'
2019-06-06 20:15:01.894  INFO 23852 --- [main] o.hibernate.jpa.internal.util.LogHelper  : HHH000204: Processing PersistenceUnitInfo [
	name: default
	...]
2019-06-06 20:15:02.037  INFO 23852 --- [main] org.hibernate.Version                    : HHH000412: Hibernate Core {5.0.12.Final}
2019-06-06 20:15:02.040  INFO 23852 --- [main] org.hibernate.cfg.Environment            : HHH000206: hibernate.properties not found
2019-06-06 20:15:02.042  INFO 23852 --- [main] org.hibernate.cfg.Environment            : HHH000021: Bytecode provider name : javassist
2019-06-06 20:15:02.132  INFO 23852 --- [main] o.hibernate.annotations.common.Version   : HCANN000001: Hibernate Commons Annotations {5.0.1.Final}
2019-06-06 20:15:02.430  INFO 23852 --- [main] org.hibernate.dialect.Dialect            : HHH000400: Using dialect: org.hibernate.dialect.MySQL5Dialect
2019-06-06 20:15:03.970  INFO 23852 --- [main] j.LocalContainerEntityManagerFactoryBean : Initialized JPA EntityManagerFactory for persistence unit 'default'
2019-06-06 20:15:05.636  INFO 23852 --- [main] o.s.c.support.DefaultLifecycleProcessor  : Starting beans in phase 2147483647
2019-06-06 20:15:05.671  INFO 23852 --- [main] c.n.passbook.service.MerchantsServTest   : Started MerchantsServTest in 9.284 seconds (JVM running for 10.893)
2019-06-06 20:15:05.847  INFO 23852 --- [main] o.h.h.i.QueryTranslatorFactoryInitiator  : HHH000397: Using ASTQueryTranslatorFactory
2019-06-06 20:15:06.497  INFO 23852 --- [main] o.a.k.clients.producer.ProducerConfig    : ProducerConfig values: 
	metric.reporters = []
	metadata.max.age.ms = 300000
	reconnect.backoff.ms = 50
	sasl.kerberos.ticket.renew.window.factor = 0.8
	bootstrap.servers = [127.0.0.1:9092]
	ssl.keystore.type = JKS
	sasl.mechanism = GSSAPI
	max.block.ms = 60000
	interceptor.classes = null
	ssl.truststore.password = null
	client.id = 
	ssl.endpoint.identification.algorithm = null
	request.timeout.ms = 30000
	acks = 1
	receive.buffer.bytes = 32768
	ssl.truststore.type = JKS
	retries = 0
	ssl.truststore.location = null
	ssl.keystore.password = null
	send.buffer.bytes = 131072
	compression.type = none
	metadata.fetch.timeout.ms = 60000
	retry.backoff.ms = 100
	sasl.kerberos.kinit.cmd = /usr/bin/kinit
	buffer.memory = 33554432
	timeout.ms = 30000
	key.serializer = class org.apache.kafka.common.serialization.StringSerializer
	sasl.kerberos.service.name = null
	sasl.kerberos.ticket.renew.jitter = 0.05
	ssl.trustmanager.algorithm = PKIX
	block.on.buffer.full = false
	ssl.key.password = null
	sasl.kerberos.min.time.before.relogin = 60000
	connections.max.idle.ms = 540000
	max.in.flight.requests.per.connection = 5
	metrics.num.samples = 2
	ssl.protocol = TLS
	ssl.provider = null
	ssl.enabled.protocols = [TLSv1.2, TLSv1.1, TLSv1]
	batch.size = 16384
	ssl.keystore.location = null
	ssl.cipher.suites = null
	security.protocol = PLAINTEXT
	max.request.size = 1048576
	value.serializer = class org.apache.kafka.common.serialization.StringSerializer
	ssl.keymanager.algorithm = SunX509
	metrics.sample.window.ms = 30000
	partitioner.class = class org.apache.kafka.clients.producer.internals.DefaultPartitioner
	linger.ms = 0

2019-06-06 20:15:06.629  INFO 23852 --- [main] o.a.k.clients.producer.ProducerConfig    : ProducerConfig values: 
	metric.reporters = []
	metadata.max.age.ms = 300000
	reconnect.backoff.ms = 50
	sasl.kerberos.ticket.renew.window.factor = 0.8
	bootstrap.servers = [127.0.0.1:9092]
	ssl.keystore.type = JKS
	sasl.mechanism = GSSAPI
	max.block.ms = 60000
	interceptor.classes = null
	ssl.truststore.password = null
	client.id = producer-1
	ssl.endpoint.identification.algorithm = null
	request.timeout.ms = 30000
	acks = 1
	receive.buffer.bytes = 32768
	ssl.truststore.type = JKS
	retries = 0
	ssl.truststore.location = null
	ssl.keystore.password = null
	send.buffer.bytes = 131072
	compression.type = none
	metadata.fetch.timeout.ms = 60000
	retry.backoff.ms = 100
	sasl.kerberos.kinit.cmd = /usr/bin/kinit
	buffer.memory = 33554432
	timeout.ms = 30000
	key.serializer = class org.apache.kafka.common.serialization.StringSerializer
	sasl.kerberos.service.name = null
	sasl.kerberos.ticket.renew.jitter = 0.05
	ssl.trustmanager.algorithm = PKIX
	block.on.buffer.full = false
	ssl.key.password = null
	sasl.kerberos.min.time.before.relogin = 60000
	connections.max.idle.ms = 540000
	max.in.flight.requests.per.connection = 5
	metrics.num.samples = 2
	ssl.protocol = TLS
	ssl.provider = null
	ssl.enabled.protocols = [TLSv1.2, TLSv1.1, TLSv1]
	batch.size = 16384
	ssl.keystore.location = null
	ssl.cipher.suites = null
	security.protocol = PLAINTEXT
	max.request.size = 1048576
	value.serializer = class org.apache.kafka.common.serialization.StringSerializer
	ssl.keymanager.algorithm = SunX509
	metrics.sample.window.ms = 30000
	partitioner.class = class org.apache.kafka.clients.producer.internals.DefaultPartitioner
	linger.ms = 0

2019-06-06 20:15:06.636  INFO 23852 --- [main] o.a.kafka.common.utils.AppInfoParser     : Kafka version : 0.10.0.1
2019-06-06 20:15:06.637  INFO 23852 --- [main] o.a.kafka.common.utils.AppInfoParser     : Kafka commitId : a7a17cdec9eaa6c5
2019-06-06 20:16:06.693 ERROR 23852 --- [main] o.s.k.support.LoggingProducerListener    : Exception thrown when sending a message with key='merchants-template' and payload='{"background":2,"desc":"ÏêÇé£ºÄ½¿Î","end":1560687306450,"hasToken":false,"id":3,"limit":10000,"start":155...' to topic merchants-template:

org.apache.kafka.common.errors.TimeoutException: Failed to update metadata after 60000 ms.

2019-06-06 20:16:06.695  INFO 23852 --- [main] c.n.p.service.impl.MerchantsServImpl     : DropPassTemplates:{"background":2,"desc":"ÏêÇé£ºÄ½¿Î","end":1560687306450,"hasToken":false,"id":3,"limit":10000,"start":1559823306450,"summary":"¼ò½é£ºÄ½¿Î","title":"title:Ä½¿Î"}
2019-06-06 20:16:06.829  INFO 23852 --- [Thread-3] s.c.a.AnnotationConfigApplicationContext : Closing org.springframework.context.annotation.AnnotationConfigApplicationContext@795509d9: startup date [Thu Jun 06 20:14:57 CST 2019]; root of context hierarchy
2019-06-06 20:16:06.837  INFO 23852 --- [Thread-3] o.s.c.support.DefaultLifecycleProcessor  : Stopping beans in phase 2147483647
2019-06-06 20:16:06.840  INFO 23852 --- [Thread-3] o.s.c.support.DefaultLifecycleProcessor  : Stopping beans in phase 0
2019-06-06 20:16:06.843  INFO 23852 --- [Thread-3] o.a.k.clients.producer.KafkaProducer     : Closing the Kafka producer with timeoutMillis = 9223372036854775807 ms.
2019-06-06 20:16:06.868  INFO 23852 --- [Thread-3] j.LocalContainerEntityManagerFactoryBean : Closing JPA EntityManagerFactory for persistence unit 'default'
